-------------------------------------------------------------------------------
There are messages associated with the following module(s):
-------------------------------------------------------------------------------

R/4.0.3-Python-3.8.5-Anaconda3-2020.11:
   This module is out-of-date. It may still work, but it will be
   decommissioned in the near-future. We recommend trying the following
   command to find the latest module versions under
   bio/R,lang/R,math/R,tools/R,compiler/R etc; module spider R If you have
   any questions or concerns regarding the above, please contact SCC support
   at <SCC.Support@camh.ca>

-------------------------------------------------------------------------------

/usr/local/apps/lmod/lmod/init/bash: line 102: export: __add_sys_prefix_to_path: not a function
Removing package from ‘/external/rprshnas01/kcni/vumaiyalan/R/x86_64-conda-linux-gnu-library/4.0’
(as ‘lib’ is unspecified)
Removing package from ‘/external/rprshnas01/kcni/vumaiyalan/R/x86_64-conda-linux-gnu-library/4.0’
(as ‘lib’ is unspecified)
Removing package from ‘/external/rprshnas01/kcni/vumaiyalan/R/x86_64-conda-linux-gnu-library/4.0’
(as ‘lib’ is unspecified)
Installing package into ‘/external/rprshnas01/kcni/vumaiyalan/R/x86_64-conda-linux-gnu-library/4.0’
(as ‘lib’ is unspecified)
trying URL 'https://cran.r-project.org/src/contrib/Archive/BiocManager/BiocManager_1.30.18.tar.gz'
Content type 'application/x-gzip' length 289602 bytes (282 KB)
==================================================
downloaded 282 KB

* installing *source* package ‘BiocManager’ ...
** package ‘BiocManager’ successfully unpacked and MD5 sums checked
** using staged installation
** R
** inst
** byte-compile and prepare package for lazy loading
** help
*** installing help indices
** building package indices
** installing vignettes
** testing if installed package can be loaded from temporary location
** testing if installed package can be loaded from final location
** testing if installed package keeps a record of temporary installation path
* DONE (BiocManager)
Installing package into ‘/external/rprshnas01/kcni/vumaiyalan/R/x86_64-conda-linux-gnu-library/4.0’
(as ‘lib’ is unspecified)
trying URL 'https://bioconductor.org/packages/devel/bioc/src/contrib/BiocGenerics_0.45.3.tar.gz'
Content type 'application/x-gzip' length 48263 bytes (47 KB)
==================================================
downloaded 47 KB

* installing *source* package ‘BiocGenerics’ ...
** using staged installation
** R
** inst
** byte-compile and prepare package for lazy loading
Creating a new generic function for ‘aperm’ in package ‘BiocGenerics’
Creating a new generic function for ‘append’ in package ‘BiocGenerics’
Creating a new generic function for ‘as.data.frame’ in package ‘BiocGenerics’
Creating a new generic function for ‘cbind’ in package ‘BiocGenerics’
Creating a new generic function for ‘rbind’ in package ‘BiocGenerics’
Creating a new generic function for ‘do.call’ in package ‘BiocGenerics’
Creating a new generic function for ‘duplicated’ in package ‘BiocGenerics’
Creating a new generic function for ‘anyDuplicated’ in package ‘BiocGenerics’
Creating a new generic function for ‘eval’ in package ‘BiocGenerics’
Creating a new generic function for ‘pmax’ in package ‘BiocGenerics’
Creating a new generic function for ‘pmin’ in package ‘BiocGenerics’
Creating a new generic function for ‘pmax.int’ in package ‘BiocGenerics’
Creating a new generic function for ‘pmin.int’ in package ‘BiocGenerics’
Creating a new generic function for ‘Reduce’ in package ‘BiocGenerics’
Creating a new generic function for ‘Filter’ in package ‘BiocGenerics’
Creating a new generic function for ‘Find’ in package ‘BiocGenerics’
Creating a new generic function for ‘Map’ in package ‘BiocGenerics’
Creating a new generic function for ‘Position’ in package ‘BiocGenerics’
Creating a new generic function for ‘get’ in package ‘BiocGenerics’
Creating a new generic function for ‘mget’ in package ‘BiocGenerics’
Creating a new generic function for ‘grep’ in package ‘BiocGenerics’
Creating a new generic function for ‘grepl’ in package ‘BiocGenerics’
Creating a new generic function for ‘is.unsorted’ in package ‘BiocGenerics’
Creating a new generic function for ‘lapply’ in package ‘BiocGenerics’
Creating a new generic function for ‘sapply’ in package ‘BiocGenerics’
Creating a new generic function for ‘mapply’ in package ‘BiocGenerics’
Creating a new generic function for ‘match’ in package ‘BiocGenerics’
Creating a new generic function for ‘order’ in package ‘BiocGenerics’
Creating a new generic function for ‘paste’ in package ‘BiocGenerics’
Creating a new generic function for ‘rank’ in package ‘BiocGenerics’
Creating a new generic function for ‘rownames’ in package ‘BiocGenerics’
Creating a new generic function for ‘colnames’ in package ‘BiocGenerics’
Creating a new generic function for ‘union’ in package ‘BiocGenerics’
Creating a new generic function for ‘intersect’ in package ‘BiocGenerics’
Creating a new generic function for ‘setdiff’ in package ‘BiocGenerics’
Creating a new generic function for ‘sort’ in package ‘BiocGenerics’
Creating a new generic function for ‘table’ in package ‘BiocGenerics’
Creating a new generic function for ‘tapply’ in package ‘BiocGenerics’
Creating a new generic function for ‘unique’ in package ‘BiocGenerics’
Creating a new generic function for ‘unsplit’ in package ‘BiocGenerics’
Creating a new generic function for ‘var’ in package ‘BiocGenerics’
Creating a new generic function for ‘sd’ in package ‘BiocGenerics’
Creating a new generic function for ‘which.min’ in package ‘BiocGenerics’
Creating a new generic function for ‘which.max’ in package ‘BiocGenerics’
Creating a new generic function for ‘IQR’ in package ‘BiocGenerics’
Creating a new generic function for ‘mad’ in package ‘BiocGenerics’
Creating a new generic function for ‘xtabs’ in package ‘BiocGenerics’
Creating a new generic function for ‘basename’ in package ‘BiocGenerics’
Creating a new generic function for ‘dirname’ in package ‘BiocGenerics’
** help
*** installing help indices
** building package indices
** testing if installed package can be loaded from temporary location
** testing if installed package can be loaded from final location
** testing if installed package keeps a record of temporary installation path
* DONE (BiocGenerics)
Installing package into ‘/external/rprshnas01/kcni/vumaiyalan/R/x86_64-conda-linux-gnu-library/4.0’
(as ‘lib’ is unspecified)
trying URL 'https://bioconductor.org/packages/release/bioc/src/contrib/GenomeInfoDb_1.34.9.tar.gz'
Content type 'application/x-gzip' length 3474381 bytes (3.3 MB)
==================================================
downloaded 3.3 MB

* installing *source* package ‘GenomeInfoDb’ ...
** using staged installation
** R
** inst
** byte-compile and prepare package for lazy loading
** help
*** installing help indices
** building package indices
** installing vignettes
** testing if installed package can be loaded from temporary location
** testing if installed package can be loaded from final location
** testing if installed package keeps a record of temporary installation path
* DONE (GenomeInfoDb)
Attaching SeuratObject
Bioconductor version '3.12' is out-of-date; the current release version '3.16'
  is available with R version '4.2'; see https://bioconductor.org/install

Attaching package: ‘BiocGenerics’

The following objects are masked from ‘package:stats’:

    IQR, mad, sd, var, xtabs

The following objects are masked from ‘package:base’:

    anyDuplicated, aperm, append, as.data.frame, basename, cbind,
    colnames, dirname, do.call, duplicated, eval, evalq, Filter, Find,
    get, grep, grepl, intersect, is.unsorted, lapply, Map, mapply,
    match, mget, order, paste, pmax, pmax.int, pmin, pmin.int,
    Position, rank, rbind, Reduce, rownames, sapply, setdiff, sort,
    table, tapply, union, unique, unsplit, which.max, which.min

Loading required package: S4Vectors
Loading required package: stats4

Attaching package: ‘S4Vectors’

The following objects are masked from ‘package:data.table’:

    first, second

The following object is masked from ‘package:base’:

    expand.grid

Loading required package: IRanges

Attaching package: ‘IRanges’

The following object is masked from ‘package:data.table’:

    shift

Error: cannot allocate vector of size 76.7 Gb
Execution halted
Warning message:
system call failed: Cannot allocate memory 

